2017/05/22 05:02:18 [error] [exception.CHttpException.404] exception 'CHttpException' with message 'The requested page does not exist.' in D:\le\xampp\htdocs\linxbooks\linxbooks\protected\modules\lbCustomerAddress\controllers\DefaultController.php:245
Stack trace:
#0 D:\le\xampp\htdocs\linxbooks\linxbooks\protected\modules\lbCustomerAddress\controllers\DefaultController.php(226): DefaultController->loadModel('0')
#1 [internal function]: DefaultController->actionAddressLinesJSON('0')
#2 D:\le\xampp\htdocs\linxbooks\linxbooks\framework\web\actions\CAction.php(108): ReflectionMethod->invokeArgs(Object(DefaultController), Array)
#3 D:\le\xampp\htdocs\linxbooks\linxbooks\framework\web\actions\CInlineAction.php(47): CAction->runWithParamsInternal(Object(DefaultController), Object(ReflectionMethod), Array)
#4 D:\le\xampp\htdocs\linxbooks\linxbooks\framework\web\CController.php(308): CInlineAction->runWithParams(Array)
#5 D:\le\xampp\htdocs\linxbooks\linxbooks\framework\web\filters\CFilterChain.php(133): CController->runAction(Object(CInlineAction))
#6 D:\le\xampp\htdocs\linxbooks\linxbooks\framework\web\filters\CFilter.php(40): CFilterChain->run()
#7 D:\le\xampp\htdocs\linxbooks\linxbooks\framework\web\CController.php(1145): CFilter->filter(Object(CFilterChain))
#8 D:\le\xampp\htdocs\linxbooks\linxbooks\framework\web\filters\CInlineFilter.php(58): CController->filterAccessControl(Object(CFilterChain))
#9 D:\le\xampp\htdocs\linxbooks\linxbooks\framework\web\filters\CFilterChain.php(130): CInlineFilter->filter(Object(CFilterChain))
#10 D:\le\xampp\htdocs\linxbooks\linxbooks\framework\web\CController.php(291): CFilterChain->run()
#11 D:\le\xampp\htdocs\linxbooks\linxbooks\framework\web\CController.php(265): CController->runActionWithFilters(Object(CInlineAction), Array)
#12 D:\le\xampp\htdocs\linxbooks\linxbooks\framework\web\CWebApplication.php(282): CController->run('addressLinesJSO...')
#13 D:\le\xampp\htdocs\linxbooks\linxbooks\framework\web\CWebApplication.php(141): CWebApplication->runController('lbCustomerAddre...')
#14 D:\le\xampp\htdocs\linxbooks\linxbooks\framework\base\CApplication.php(180): CWebApplication->processRequest()
#15 D:\le\xampp\htdocs\linxbooks\linxbooks\index.php(43): CApplication->run()
#16 {main}
REQUEST_URI=/linxbooks/linxbooks/index.php/1/lbCustomerAddress/addressLinesJSON?id=0
HTTP_REFERER=http://localhost/linxbooks/linxbooks/index.php/1/lbQuotation/1-a
---
